<?xml version="1.0" encoding="UTF-8"?>
<testsuite name="com.codefarm.url.shortner.service.UrlShortnerServiceApplicationTests" tests="1" skipped="0" failures="0" errors="0" timestamp="2025-10-30T13:44:01.392Z" hostname="Arvinds-MacBook-Pro.local" time="0.22">
  <properties/>
  <testcase name="contextLoads()" classname="com.codefarm.url.shortner.service.UrlShortnerServiceApplicationTests" time="0.22"/>
  <system-out><![CDATA[19:14:00.117 [Test worker] INFO org.springframework.test.context.support.AnnotationConfigContextLoaderUtils -- Could not detect default configuration classes for test class [com.codefarm.url.shortner.service.UrlShortnerServiceApplicationTests]: UrlShortnerServiceApplicationTests does not declare any static, non-private, non-final, nested classes annotated with @Configuration.
19:14:00.152 [Test worker] INFO org.springframework.boot.test.context.SpringBootTestContextBootstrapper -- Found @SpringBootConfiguration com.codefarm.url.shortner.service.UrlShortnerServiceApplication for test class com.codefarm.url.shortner.service.UrlShortnerServiceApplicationTests

  .   ____          _            __ _ _
 /\\ / ___'_ __ _ _(_)_ __  __ _ \ \ \ \
( ( )\___ | '_ | '_| | '_ \/ _` | \ \ \ \
 \\/  ___)| |_)| | | | | || (_| |  ) ) ) )
  '  |____| .__|_| |_|_| |_\__, | / / / /
 =========|_|==============|___/=/_/_/_/

 :: Spring Boot ::                (v3.5.7)

2025-10-30T19:14:00.260+05:30  INFO 10198 --- [url-shortner-service] [    Test worker] u.s.s.UrlShortnerServiceApplicationTests : Starting UrlShortnerServiceApplicationTests using Java 25 with PID 10198 (started by codefarm in /Users/codefarm/Projects/github/hld-lld/url-shortner-service)
2025-10-30T19:14:00.260+05:30  INFO 10198 --- [url-shortner-service] [    Test worker] u.s.s.UrlShortnerServiceApplicationTests : No active profile set, falling back to 1 default profile: "default"
2025-10-30T19:14:00.432+05:30  INFO 10198 --- [url-shortner-service] [    Test worker] .s.d.r.c.RepositoryConfigurationDelegate : Bootstrapping Spring Data JPA repositories in DEFAULT mode.
2025-10-30T19:14:00.448+05:30  INFO 10198 --- [url-shortner-service] [    Test worker] .s.d.r.c.RepositoryConfigurationDelegate : Finished Spring Data repository scanning in 12 ms. Found 1 JPA repository interface.
2025-10-30T19:14:00.554+05:30  INFO 10198 --- [url-shortner-service] [    Test worker] o.hibernate.jpa.internal.util.LogHelper  : HHH000204: Processing PersistenceUnitInfo [name: default]
2025-10-30T19:14:00.567+05:30  INFO 10198 --- [url-shortner-service] [    Test worker] org.hibernate.Version                    : HHH000412: Hibernate ORM core version 6.6.33.Final
2025-10-30T19:14:00.576+05:30  INFO 10198 --- [url-shortner-service] [    Test worker] o.h.c.internal.RegionFactoryInitiator    : HHH000026: Second-level cache disabled
2025-10-30T19:14:00.655+05:30  INFO 10198 --- [url-shortner-service] [    Test worker] o.s.o.j.p.SpringPersistenceUnitInfo      : No LoadTimeWeaver setup: ignoring JPA class transformer
2025-10-30T19:14:00.663+05:30  INFO 10198 --- [url-shortner-service] [    Test worker] com.zaxxer.hikari.HikariDataSource       : HikariPool-1 - Starting...
2025-10-30T19:14:00.710+05:30  INFO 10198 --- [url-shortner-service] [    Test worker] com.zaxxer.hikari.pool.HikariPool        : HikariPool-1 - Added connection conn0: url=jdbc:h2:mem:shortnerdb user=SA
2025-10-30T19:14:00.711+05:30  INFO 10198 --- [url-shortner-service] [    Test worker] com.zaxxer.hikari.HikariDataSource       : HikariPool-1 - Start completed.
2025-10-30T19:14:00.727+05:30  INFO 10198 --- [url-shortner-service] [    Test worker] org.hibernate.orm.connections.pooling    : HHH10001005: Database info:
	Database JDBC URL [Connecting through datasource 'HikariDataSource (HikariPool-1)']
	Database driver: undefined/unknown
	Database version: 2.3.232
	Autocommit mode: undefined/unknown
	Isolation level: undefined/unknown
	Minimum pool size: undefined/unknown
	Maximum pool size: undefined/unknown
2025-10-30T19:14:00.937+05:30  INFO 10198 --- [url-shortner-service] [    Test worker] o.h.e.t.j.p.i.JtaPlatformInitiator       : HHH000489: No JTA platform available (set 'hibernate.transaction.jta.platform' to enable JTA platform integration)
2025-10-30T19:14:00.954+05:30  INFO 10198 --- [url-shortner-service] [    Test worker] j.LocalContainerEntityManagerFactoryBean : Initialized JPA EntityManagerFactory for persistence unit 'default'
2025-10-30T19:14:01.036+05:30  INFO 10198 --- [url-shortner-service] [    Test worker] o.s.d.j.r.query.QueryEnhancerFactory     : Hibernate is in classpath; If applicable, HQL parser will be used.
2025-10-30T19:14:01.279+05:30  INFO 10198 --- [url-shortner-service] [    Test worker] o.s.b.a.w.s.WelcomePageHandlerMapping    : Adding welcome page template: index
2025-10-30T19:14:01.365+05:30  INFO 10198 --- [url-shortner-service] [    Test worker] o.s.b.a.h2.H2ConsoleAutoConfiguration    : H2 console available at '/h2-console'. Database available at 'jdbc:h2:mem:shortnerdb'
2025-10-30T19:14:01.387+05:30  INFO 10198 --- [url-shortner-service] [    Test worker] u.s.s.UrlShortnerServiceApplicationTests : Started UrlShortnerServiceApplicationTests in 1.195 seconds (process running for 1.524)
]]></system-out>
  <system-err><![CDATA[Mockito is currently self-attaching to enable the inline-mock-maker. This will no longer work in future releases of the JDK. Please add Mockito as an agent to your build as described in Mockito's documentation: https://javadoc.io/doc/org.mockito/mockito-core/latest/org.mockito/org/mockito/Mockito.html#0.3
WARNING: A Java agent has been loaded dynamically (/Users/codefarm/.gradle/caches/modules-2/files-2.1/net.bytebuddy/byte-buddy-agent/1.17.8/f09415827a71be7ed621c7bd02550678f28bc81c/byte-buddy-agent-1.17.8.jar)
WARNING: If a serviceability tool is in use, please run with -XX:+EnableDynamicAgentLoading to hide this warning
WARNING: If a serviceability tool is not in use, please run with -Djdk.instrument.traceUsage for more information
WARNING: Dynamic loading of agents will be disallowed by default in a future release
]]></system-err>
</testsuite>
